0 info it worked if it ends with ok
1 verbose cli [ '/usr/share/atom/resources/app/apm/bin/node',
1 verbose cli   '/usr/share/atom/resources/app/apm/node_modules/npm/bin/npm-cli.js',
1 verbose cli   '--globalconfig',
1 verbose cli   '/home/felipe/.atom/.apm/.apmrc',
1 verbose cli   '--userconfig',
1 verbose cli   '/home/felipe/.atom/.apmrc',
1 verbose cli   'install',
1 verbose cli   'https://www.atom.io/api/packages/terminal-plus/versions/0.14.5/tarball',
1 verbose cli   '--runtime=electron',
1 verbose cli   '--target=2.0.18',
1 verbose cli   '--dist-url=https://atom.io/download/electron',
1 verbose cli   '--arch=x64',
1 verbose cli   '--global-style' ]
2 info using npm@6.2.0
3 info using node@v8.9.3
4 verbose npm-session 030400607233ef44
5 silly install loadCurrentTree
6 silly install readLocalPackageData
7 http fetch GET 200 https://www.atom.io/api/packages/terminal-plus/versions/0.14.5/tarball 7556ms
8 silly pacote remote manifest for undefined@https://www.atom.io/api/packages/terminal-plus/versions/0.14.5/tarball fetched in 7603ms
9 timing stage:loadCurrentTree Completed in 7761ms
10 silly install loadIdealTree
11 silly install cloneCurrentTreeToIdealTree
12 timing stage:loadIdealTree:cloneCurrentTree Completed in 0ms
13 silly install loadShrinkwrap
14 timing stage:loadIdealTree:loadShrinkwrap Completed in 1ms
15 silly install loadAllDepsIntoIdealTree
16 silly resolveWithNewModule terminal-plus@0.14.5 checking installable status
17 silly fetchPackageMetaData error for pty.js@git+https://github.com/jeremyramin/pty.js.git#28f2667 Error while executing:
17 silly fetchPackageMetaData /usr/bin/git ls-remote -h -t https://github.com/jeremyramin/pty.js.git
17 silly fetchPackageMetaData
17 silly fetchPackageMetaData fatal: cannot come back to cwd: Permission denied
17 silly fetchPackageMetaData
17 silly fetchPackageMetaData exited with error code: 128
18 silly fetchPackageMetaData error for term.js@git+https://github.com/jeremyramin/term.js.git Error while executing:
18 silly fetchPackageMetaData /usr/bin/git ls-remote -h -t https://github.com/jeremyramin/term.js.git
18 silly fetchPackageMetaData
18 silly fetchPackageMetaData fatal: cannot come back to cwd: Permission denied
18 silly fetchPackageMetaData
18 silly fetchPackageMetaData exited with error code: 128
19 http fetch GET 304 https://registry.npmjs.org/underscore 232ms (from cache)
20 silly pacote range manifest for underscore@^1.8.3 fetched in 235ms
21 silly resolveWithNewModule underscore@1.9.1 checking installable status
22 http fetch GET 304 https://registry.npmjs.org/atom-space-pen-views 242ms (from cache)
23 silly pacote range manifest for atom-space-pen-views@^2.1.0 fetched in 244ms
24 silly resolveWithNewModule atom-space-pen-views@2.2.0 checking installable status
25 timing stage:rollbackFailedOptional Completed in 1ms
26 timing stage:runTopLevelLifecycles Completed in 8020ms
27 silly saveTree apm-install-dir-11938-21425-lmpqcq.spyc
27 silly saveTree └─┬ terminal-plus@0.14.5
27 silly saveTree   ├── atom-space-pen-views@2.2.0
27 silly saveTree   └── underscore@1.9.1
28 verbose stack Error: exited with error code: 128
28 verbose stack     at ChildProcess.<anonymous> (/usr/share/atom/resources/app/apm/node_modules/npm/node_modules/pacote/lib/util/finished.js:12:19)
28 verbose stack     at emitTwo (events.js:126:13)
28 verbose stack     at ChildProcess.emit (events.js:214:7)
28 verbose stack     at maybeClose (internal/child_process.js:925:16)
28 verbose stack     at Socket.stream.socket.on (internal/child_process.js:346:11)
28 verbose stack     at emitOne (events.js:116:13)
28 verbose stack     at Socket.emit (events.js:211:7)
28 verbose stack     at Pipe._handle.close [as _onclose] (net.js:554:12)
29 verbose cwd /tmp/apm-install-dir-11938-21425-lmpqcq.spyc
30 verbose Linux 4.15.0-47-generic
31 verbose argv "/usr/share/atom/resources/app/apm/bin/node" "/usr/share/atom/resources/app/apm/node_modules/npm/bin/npm-cli.js" "--globalconfig" "/home/felipe/.atom/.apm/.apmrc" "--userconfig" "/home/felipe/.atom/.apmrc" "install" "https://www.atom.io/api/packages/terminal-plus/versions/0.14.5/tarball" "--runtime=electron" "--target=2.0.18" "--dist-url=https://atom.io/download/electron" "--arch=x64" "--global-style"
32 verbose node v8.9.3
33 verbose npm  v6.2.0
34 error Error while executing:
34 error /usr/bin/git ls-remote -h -t https://github.com/jeremyramin/pty.js.git
34 error
34 error fatal: cannot come back to cwd: Permission denied
34 error
34 error exited with error code: 128
35 verbose exit [ 1, true ]
